c:\sensor-stream-pipe\build\ssp_server.dir\release\image_converter.obj
c:\sensor-stream-pipe\build\ssp_server.dir\release\image_decoder.obj
c:\sensor-stream-pipe\build\ssp_server.dir\release\video_utils.obj
c:\sensor-stream-pipe\build\ssp_server.dir\release\utils.obj
c:\sensor-stream-pipe\build\ssp_server.dir\release\multi_image_reader.obj
c:\sensor-stream-pipe\build\ssp_server.dir\release\null_encoder.obj
c:\sensor-stream-pipe\build\ssp_server.dir\release\zdepth_encoder.obj
c:\sensor-stream-pipe\build\ssp_server.dir\release\zdepth_decoder.obj
c:\sensor-stream-pipe\build\ssp_server.dir\release\libav_decoder.obj
c:\sensor-stream-pipe\build\ssp_server.dir\release\kinect_utils.obj
c:\sensor-stream-pipe\build\ssp_server.dir\release\kinect_reader.obj
c:\sensor-stream-pipe\build\ssp_server.dir\release\image_reader.obj
c:\sensor-stream-pipe\build\ssp_server.dir\release\video_file_reader.obj
c:\sensor-stream-pipe\build\ssp_server.dir\release\ssp_server.obj
c:\sensor-stream-pipe\build\cmakefiles\generate.stamp
c:\sensor-stream-pipe\build\ssp_server.dir\release\ssp_server.tlog\cl.command.1.tlog
c:\sensor-stream-pipe\build\ssp_server.dir\release\ssp_server.tlog\cl.read.1.tlog
c:\sensor-stream-pipe\build\ssp_server.dir\release\ssp_server.tlog\cl.write.1.tlog
c:\sensor-stream-pipe\build\ssp_server.dir\release\ssp_server.tlog\custombuild.command.1.tlog
c:\sensor-stream-pipe\build\ssp_server.dir\release\ssp_server.tlog\custombuild.read.1.tlog
c:\sensor-stream-pipe\build\ssp_server.dir\release\ssp_server.tlog\custombuild.write.1.tlog
