  Building Custom Rule C:/Sensor-Stream-Pipe/CMakeLists.txt
  CMake is re-running because C:/Sensor-Stream-Pipe/build/CMakeFiles/generate.stamp is out-of-date.
    the file 'C:/Sensor-Stream-Pipe/CMakeLists.txt'
    is newer than 'C:/Sensor-Stream-Pipe/build/CMakeFiles/generate.stamp.depend'
    result='-1'
  -- Selecting Windows SDK version 10.0.18362.0 to target Windows 10.0.18363.
  -- OpenCV ARCH: x64
  -- OpenCV RUNTIME: vc16
  -- OpenCV STATIC: OFF
  -- Found OpenCV 3.4.13 in C:/lib/Install/opencv/x64/vc16/lib
  -- You might need to add C:\lib\Install\opencv\x64\vc16\bin to your PATH to be able to run your applications.
  CMake Error at C:/Program Files/CMake/share/cmake-3.16/Modules/FindPackageHandleStandardArgs.cmake:146 (message):
    Could NOT find FFmpeg (missing: FFMPEG_LIBRARIES FFMPEG_INCLUDE_DIRS
    AVCODEC_LIBRARIES AVCODEC_INCLUDE_DIRS AVFORMAT_LIBRARIES
    AVFORMAT_INCLUDE_DIRS AVUTIL_LIBRARIES AVUTIL_INCLUDE_DIRS)
  Call Stack (most recent call first):
    C:/Program Files/CMake/share/cmake-3.16/Modules/FindPackageHandleStandardArgs.cmake:393 (_FPHSA_FAILURE_MESSAGE)
    CMakeModules/FindFFmpeg.cmake:151 (find_package_handle_standard_args)
    CMakeLists.txt:17 (find_package)
  
  
  -- Configuring incomplete, errors occurred!
  See also "C:/Sensor-Stream-Pipe/build/CMakeFiles/CMakeOutput.log".
  See also "C:/Sensor-Stream-Pipe/build/CMakeFiles/CMakeError.log".
C:\Program Files (x86)\Microsoft Visual Studio\2019\Community\MSBuild\Microsoft\VC\v160\Microsoft.CppCommon.targets(238,5): error MSB8066: Custom build for 'C:\Sensor-Stream-Pipe\CMakeLists.txt' exited with code 1.
