c:\sensor-stream-pipe\build\ssp_client_plugin.dir\release\image_converter.obj
c:\sensor-stream-pipe\build\ssp_client_plugin.dir\release\image_decoder.obj
c:\sensor-stream-pipe\build\ssp_client_plugin.dir\release\video_utils.obj
c:\sensor-stream-pipe\build\ssp_client_plugin.dir\release\utils.obj
c:\sensor-stream-pipe\build\ssp_client_plugin.dir\release\multi_image_reader.obj
c:\sensor-stream-pipe\build\ssp_client_plugin.dir\release\image_reader.obj
c:\sensor-stream-pipe\build\ssp_client_plugin.dir\release\zdepth_decoder.obj
c:\sensor-stream-pipe\build\ssp_client_plugin.dir\release\libav_decoder.obj
c:\sensor-stream-pipe\build\ssp_client_plugin.dir\release\network_reader.obj
c:\sensor-stream-pipe\build\ssp_client_plugin.dir\release\ssp_client_plugin.obj
c:\sensor-stream-pipe\build\cmakefiles\generate.stamp
c:\sensor-stream-pipe\build\release\ssp_client_plugin.dll
c:\sensor-stream-pipe\build\release\ssp_client_plugin.lib
c:\sensor-stream-pipe\build\release\ssp_client_plugin.exp
c:\sensor-stream-pipe\build\ssp_client_plugin.dir\release\ssp_clie.53c8e7c8.tlog\cl.command.1.tlog
c:\sensor-stream-pipe\build\ssp_client_plugin.dir\release\ssp_clie.53c8e7c8.tlog\cl.read.1.tlog
c:\sensor-stream-pipe\build\ssp_client_plugin.dir\release\ssp_clie.53c8e7c8.tlog\cl.write.1.tlog
c:\sensor-stream-pipe\build\ssp_client_plugin.dir\release\ssp_clie.53c8e7c8.tlog\custombuild.command.1.tlog
c:\sensor-stream-pipe\build\ssp_client_plugin.dir\release\ssp_clie.53c8e7c8.tlog\custombuild.read.1.tlog
c:\sensor-stream-pipe\build\ssp_client_plugin.dir\release\ssp_clie.53c8e7c8.tlog\custombuild.write.1.tlog
c:\sensor-stream-pipe\build\ssp_client_plugin.dir\release\ssp_clie.53c8e7c8.tlog\link.command.1.tlog
c:\sensor-stream-pipe\build\ssp_client_plugin.dir\release\ssp_clie.53c8e7c8.tlog\link.read.1.tlog
c:\sensor-stream-pipe\build\ssp_client_plugin.dir\release\ssp_clie.53c8e7c8.tlog\link.write.1.tlog
c:\sensor-stream-pipe\build\ssp_client_plugin.dir\release\ssp_clie.53c8e7c8.tlog\ssp_client_plugin.write.1u.tlog
