c:\sensor-stream-pipe\build\ssp_client_template.dir\release\image_converter.obj
c:\sensor-stream-pipe\build\ssp_client_template.dir\release\image_decoder.obj
c:\sensor-stream-pipe\build\ssp_client_template.dir\release\video_utils.obj
c:\sensor-stream-pipe\build\ssp_client_template.dir\release\utils.obj
c:\sensor-stream-pipe\build\ssp_client_template.dir\release\multi_image_reader.obj
c:\sensor-stream-pipe\build\ssp_client_template.dir\release\image_reader.obj
c:\sensor-stream-pipe\build\ssp_client_template.dir\release\zdepth_decoder.obj
c:\sensor-stream-pipe\build\ssp_client_template.dir\release\libav_decoder.obj
c:\sensor-stream-pipe\build\ssp_client_template.dir\release\network_reader.obj
c:\sensor-stream-pipe\build\ssp_client_template.dir\release\ssp_client_template.obj
c:\sensor-stream-pipe\build\cmakefiles\generate.stamp
c:\sensor-stream-pipe\build\bin\release\ssp_client_template.exe
c:\sensor-stream-pipe\build\bin\release\ssp_client_template.lib
c:\sensor-stream-pipe\build\bin\release\ssp_client_template.exp
c:\sensor-stream-pipe\build\ssp_client_template.dir\release\ssp_clie.b66369c3.tlog\cl.command.1.tlog
c:\sensor-stream-pipe\build\ssp_client_template.dir\release\ssp_clie.b66369c3.tlog\cl.read.1.tlog
c:\sensor-stream-pipe\build\ssp_client_template.dir\release\ssp_clie.b66369c3.tlog\cl.write.1.tlog
c:\sensor-stream-pipe\build\ssp_client_template.dir\release\ssp_clie.b66369c3.tlog\custombuild.command.1.tlog
c:\sensor-stream-pipe\build\ssp_client_template.dir\release\ssp_clie.b66369c3.tlog\custombuild.read.1.tlog
c:\sensor-stream-pipe\build\ssp_client_template.dir\release\ssp_clie.b66369c3.tlog\custombuild.write.1.tlog
c:\sensor-stream-pipe\build\ssp_client_template.dir\release\ssp_clie.b66369c3.tlog\link.command.1.tlog
c:\sensor-stream-pipe\build\ssp_client_template.dir\release\ssp_clie.b66369c3.tlog\link.read.1.tlog
c:\sensor-stream-pipe\build\ssp_client_template.dir\release\ssp_clie.b66369c3.tlog\link.write.1.tlog
c:\sensor-stream-pipe\build\ssp_client_template.dir\release\ssp_clie.b66369c3.tlog\ssp_client_template.write.1u.tlog
